<?xml version="1.0" encoding="UTF-8"?>
<testsuite xmlns:xsi="http://www.w3.org/2001/XMLSchema-instance" xsi:noNamespaceSchemaLocation="https://maven.apache.org/surefire/maven-surefire-plugin/xsd/surefire-test-report.xsd" name="com.udaynikhil.customer.CustomerJDBCDataAccessServiceTest" time="11.198" tests="14" errors="0" skipped="0" failures="0">
  <properties>
[...]
</properties>
  <testcase name="selectAllCustomers" classname="com.udaynikhil.customer.CustomerJDBCDataAccessServiceTest" time="0.677"/>
  <testcase name="willUpdateAllPropertiesCustomer" classname="com.udaynikhil.customer.CustomerJDBCDataAccessServiceTest" time="0.129"/>
  <testcase name="deleteCustomerById" classname="com.udaynikhil.customer.CustomerJDBCDataAccessServiceTest" time="0.102"/>
  <testcase name="existsPersonWithIdWillReturnFalseWhenIdNotPresent" classname="com.udaynikhil.customer.CustomerJDBCDataAccessServiceTest" time="0.219"/>
  <testcase name="updateCustomerName" classname="com.udaynikhil.customer.CustomerJDBCDataAccessServiceTest" time="0.152"/>
  <testcase name="canUpdateProfileImageId" classname="com.udaynikhil.customer.CustomerJDBCDataAccessServiceTest" time="0.097"/>
  <testcase name="existsPersonWithEmail" classname="com.udaynikhil.customer.CustomerJDBCDataAccessServiceTest" time="0.119"/>
  <testcase name="willNotUpdateWhenNothingToUpdate" classname="com.udaynikhil.customer.CustomerJDBCDataAccessServiceTest" time="2.15"/>
  <testcase name="updateCustomerAge" classname="com.udaynikhil.customer.CustomerJDBCDataAccessServiceTest" time="0.526"/>
  <testcase name="existsPersonWithEmailReturnsFalseWhenDoesNotExists" classname="com.udaynikhil.customer.CustomerJDBCDataAccessServiceTest" time="0.227"/>
  <testcase name="selectCustomerById" classname="com.udaynikhil.customer.CustomerJDBCDataAccessServiceTest" time="0.169"/>
  <testcase name="willReturnEmptyWhenSelectCustomerById" classname="com.udaynikhil.customer.CustomerJDBCDataAccessServiceTest" time="0.105"/>
  <testcase name="existsCustomerWithId" classname="com.udaynikhil.customer.CustomerJDBCDataAccessServiceTest" time="0.085"/>
  <testcase name="updateCustomerEmail" classname="com.udaynikhil.customer.CustomerJDBCDataAccessServiceTest" time="0.091"/>
</testsuite>